<!DOCTYPE html>
<html>
<head>
<meta http-equiv="Content-Type" content="text/html; charset=utf-8"/>
<meta http-equiv="x-ua-compatible" content="IE=edge"/>
<title>Test results - Class Validar la adicion de cualquier fecha dentro de la seccion Select Date y Date and Time</title>
<link href="../css/base-style.css" rel="stylesheet" type="text/css"/>
<link href="../css/style.css" rel="stylesheet" type="text/css"/>
<script src="../js/report.js" type="text/javascript"></script>
</head>
<body>
<div id="content">
<h1>Class Validar la adicion de cualquier fecha dentro de la seccion Select Date y Date and Time</h1>
<div class="breadcrumbs">
<a href="../index.html">all</a> &gt; 
<a href="../packages/default-package.html">default-package</a> &gt; Validar la adicion de cualquier fecha dentro de la seccion Select Date y Date and Time</div>
<div id="summary">
<table>
<tr>
<td>
<div class="summaryGroup">
<table>
<tr>
<td>
<div class="infoBox" id="tests">
<div class="counter">10</div>
<p>tests</p>
</div>
</td>
<td>
<div class="infoBox" id="failures">
<div class="counter">1</div>
<p>failures</p>
</div>
</td>
<td>
<div class="infoBox" id="ignored">
<div class="counter">0</div>
<p>ignored</p>
</div>
</td>
<td>
<div class="infoBox" id="duration">
<div class="counter">1m44.82s</div>
<p>duration</p>
</div>
</td>
</tr>
</table>
</div>
</td>
<td>
<div class="infoBox failures" id="successRate">
<div class="percent">90%</div>
<p>successful</p>
</div>
</td>
</tr>
</table>
</div>
<div id="tabs">
<ul class="tabLinks">
<li>
<a href="#tab0">Failed tests</a>
</li>
<li>
<a href="#tab1">Tests</a>
</li>
<li>
<a href="#tab2">Standard output</a>
</li>
<li>
<a href="#tab3">Standard error</a>
</li>
</ul>
<div id="tab0" class="tab">
<h2>Failed tests</h2>
<div class="test">
<a name="Validar la seleccion de la fecha desde el año 1900 - 2100 en la pestaña Widgets -&gt; Date Picker -&gt; Date And Time #1"></a>
<h3 class="failures">Validar la seleccion de la fecha desde el año 1900 - 2100 en la pestaña Widgets -&gt; Date Picker -&gt; Date And Time #1</h3>
<span class="code">
<pre>org.openqa.selenium.ElementNotInteractableException: element not interactable
  (Session info: headless chrome=104.0.5112.102)
Build info: version: '4.4.0', revision: 'e5c75ed026a'
System info: host: '22LAP5CG2110GMN', ip: '192.168.0.100', os.name: 'Windows 10', os.arch: 'amd64', os.version: '10.0', java.version: '11.0.15.1'
Driver info: org.openqa.selenium.chrome.ChromeDriver
Command: [d6835afcd43a0e6e67be952cffe9a853, clickElement {id=f0b8efbd-994d-485d-b9a1-f5b2a22d06a8}]
Capabilities {acceptInsecureCerts: false, browserName: chrome, browserVersion: 104.0.5112.102, chrome: {chromedriverVersion: 104.0.5112.79 (3cf3e8c8a07d..., userDataDir: C:\Users\EACHIV~1\AppData\L...}, goog:chromeOptions: {debuggerAddress: localhost:61118}, networkConnectionEnabled: false, pageLoadStrategy: normal, platformName: WINDOWS, proxy: Proxy(), se:cdp: ws://localhost:61118/devtoo..., se:cdpVersion: 104.0.5112.102, setWindowRect: true, strictFileInteractability: false, timeouts: {implicit: 20000, pageLoad: 300000, script: 30000}, unhandledPromptBehavior: dismiss and notify, webauthn:extension:credBlob: true, webauthn:extension:largeBlob: true, webauthn:virtualAuthenticators: true}
Element: [[ChromeDriver: chrome on WINDOWS (d6835afcd43a0e6e67be952cffe9a853)] -&gt; xpath: //span[@class='react-datepicker__month-read-view--down-arrow']]
Session ID: d6835afcd43a0e6e67be952cffe9a853
	at java.base@11.0.15.1/jdk.internal.reflect.NativeConstructorAccessorImpl.newInstance0(Native Method)
	at java.base@11.0.15.1/jdk.internal.reflect.NativeConstructorAccessorImpl.newInstance(NativeConstructorAccessorImpl.java:62)
	at java.base@11.0.15.1/jdk.internal.reflect.DelegatingConstructorAccessorImpl.newInstance(DelegatingConstructorAccessorImpl.java:45)
	at java.base@11.0.15.1/java.lang.reflect.Constructor.newInstance(Constructor.java:490)
	at app//org.openqa.selenium.remote.codec.w3c.W3CHttpResponseCodec.createException(W3CHttpResponseCodec.java:200)
	at app//org.openqa.selenium.remote.codec.w3c.W3CHttpResponseCodec.decode(W3CHttpResponseCodec.java:133)
	at app//org.openqa.selenium.remote.codec.w3c.W3CHttpResponseCodec.decode(W3CHttpResponseCodec.java:53)
	at app//org.openqa.selenium.remote.HttpCommandExecutor.execute(HttpCommandExecutor.java:184)
	at app//org.openqa.selenium.remote.service.DriverCommandExecutor.invokeExecute(DriverCommandExecutor.java:167)
	at app//org.openqa.selenium.remote.service.DriverCommandExecutor.execute(DriverCommandExecutor.java:142)
	at app//org.openqa.selenium.remote.RemoteWebDriver.execute(RemoteWebDriver.java:547)
	at app//org.openqa.selenium.remote.RemoteWebElement.execute(RemoteWebElement.java:257)
	at app//org.openqa.selenium.remote.RemoteWebElement.click(RemoteWebElement.java:78)
	at app//net.serenitybdd.core.pages.WebElementFacadeImpl.click(WebElementFacadeImpl.java:1207)
	at app//net.serenitybdd.screenplay.actions.ClickOnTarget.performAs(ClickOnTarget.java:14)
	at app//net.serenitybdd.screenplay.actions.ClickOnTarget$ByteBuddy$dHGIrIkL.performAs$accessor$5TxScSYe(Unknown Source)
	at jdk.internal.reflect.GeneratedMethodAccessor16.invoke(Unknown Source)
	at java.base@11.0.15.1/jdk.internal.reflect.DelegatingMethodAccessorImpl.invoke(DelegatingMethodAccessorImpl.java:43)
	at java.base@11.0.15.1/java.lang.reflect.Method.invoke(Method.java:566)
	at app//net.thucydides.core.steps.StepInterceptor.invokeMethod(StepInterceptor.java:503)
	at app//net.thucydides.core.steps.StepInterceptor.executeTestStepMethod(StepInterceptor.java:483)
	at app//net.thucydides.core.steps.StepInterceptor.runTestStep(StepInterceptor.java:457)
	at app//net.thucydides.core.steps.StepInterceptor.runOrSkipMethod(StepInterceptor.java:209)
	at app//net.thucydides.core.steps.StepInterceptor.testStepResult(StepInterceptor.java:196)
	at app//net.thucydides.core.steps.StepInterceptor.intercept(StepInterceptor.java:84)
	at app//net.thucydides.core.steps.ProxyConfiguration$InterceptorDispatcher.intercept(ProxyConfiguration.java:51)
	at app//net.serenitybdd.screenplay.actions.ClickOnTarget$ByteBuddy$dHGIrIkL.performAs(Unknown Source)
	at app//net.serenitybdd.screenplay.Actor.performTask(Actor.java:283)
	at app//net.serenitybdd.screenplay.Actor.perform(Actor.java:262)
	at app//net.serenitybdd.screenplay.Actor.attemptsTo(Actor.java:203)
	at app//net.serenitybdd.screenplay.Actor.attemptsTo(Actor.java:210)
	at app//com.demoqa.tasks.DateTime.performAs(DateTime.java:29)
	at app//com.demoqa.tasks.DateTime$ByteBuddy$x6TDLtoo.performAs$accessor$k2dJcptX(Unknown Source)
	at java.base@11.0.15.1/jdk.internal.reflect.NativeMethodAccessorImpl.invoke0(Native Method)
	at java.base@11.0.15.1/jdk.internal.reflect.NativeMethodAccessorImpl.invoke(NativeMethodAccessorImpl.java:62)
	at java.base@11.0.15.1/jdk.internal.reflect.DelegatingMethodAccessorImpl.invoke(DelegatingMethodAccessorImpl.java:43)
	at java.base@11.0.15.1/java.lang.reflect.Method.invoke(Method.java:566)
	at app//net.thucydides.core.steps.StepInterceptor.invokeMethod(StepInterceptor.java:503)
	at app//net.thucydides.core.steps.StepInterceptor.executeTestStepMethod(StepInterceptor.java:483)
	at app//net.thucydides.core.steps.StepInterceptor.runTestStep(StepInterceptor.java:457)
	at app//net.thucydides.core.steps.StepInterceptor.runOrSkipMethod(StepInterceptor.java:209)
	at app//net.thucydides.core.steps.StepInterceptor.testStepResult(StepInterceptor.java:196)
	at app//net.thucydides.core.steps.StepInterceptor.intercept(StepInterceptor.java:84)
	at app//net.thucydides.core.steps.ProxyConfiguration$InterceptorDispatcher.intercept(ProxyConfiguration.java:51)
	at app//com.demoqa.tasks.DateTime$ByteBuddy$x6TDLtoo.performAs(Unknown Source)
	at app//net.serenitybdd.screenplay.Actor.performTask(Actor.java:283)
	at app//net.serenitybdd.screenplay.Actor.perform(Actor.java:262)
	at app//net.serenitybdd.screenplay.Actor.attemptsTo(Actor.java:203)
	at app//net.serenitybdd.screenplay.Actor.attemptsTo(Actor.java:210)
	at app//com.demoqa.stepdefinitions.DateStepDefinitions.navigateToDateAndTimeAndInDate(DateStepDefinitions.java:21)
	at ✽.El decide ingresar la fecha 02/25/1999 04:00 en la seccion date and time(file:///C:/Users/eachivata/Desktop/automation/prueba-tecnica-habi/src/test/resources/features/DateTest/DateTest.feature:21)
</pre>
</span>
</div>
</div>
<div id="tab1" class="tab">
<h2>Tests</h2>
<table>
<thead>
<tr>
<th>Test</th>
<th>Duration</th>
<th>Result</th>
</tr>
</thead>
<tr>
<td class="failures">Validar la seleccion de la fecha desde el año 1900 - 2100 en la pestaña Widgets -&gt; Date Picker -&gt; Date And Time #1</td>
<td class="failures">9.885s</td>
<td class="failures">failed</td>
</tr>
<tr>
<td class="success">Validar la seleccion de la fecha desde el año 1900 - 2100 en la pestaña Widgets -&gt; Date Picker -&gt; Date And Time #2</td>
<td class="success">13.093s</td>
<td class="success">passed</td>
</tr>
<tr>
<td class="success">Validar la seleccion de la fecha desde el año 1900 - 2100 en la pestaña Widgets -&gt; Date Picker -&gt; Date And Time #3</td>
<td class="success">13.888s</td>
<td class="success">passed</td>
</tr>
<tr>
<td class="success">Validar la seleccion de la fecha desde el año 1900 - 2100 en la pestaña Widgets -&gt; Date Picker -&gt; Select Date #1</td>
<td class="success">16.139s</td>
<td class="success">passed</td>
</tr>
<tr>
<td class="success">Validar la seleccion de la fecha desde el año 1900 - 2100 en la pestaña Widgets -&gt; Date Picker -&gt; Select Date #2</td>
<td class="success">8.142s</td>
<td class="success">passed</td>
</tr>
<tr>
<td class="success">Validar la seleccion de la fecha desde el año 1900 - 2100 en la pestaña Widgets -&gt; Date Picker -&gt; Select Date #3</td>
<td class="success">9.138s</td>
<td class="success">passed</td>
</tr>
<tr>
<td class="success">Validar la seleccion de la fecha desde el año 1900 - 2100 en la pestaña Widgets -&gt; Date Picker -&gt; Select Date #4</td>
<td class="success">8.486s</td>
<td class="success">passed</td>
</tr>
<tr>
<td class="success">Validar la seleccion de la fecha desde el año 1900 - 2100 en la pestaña Widgets -&gt; Date Picker -&gt; Select Date #5</td>
<td class="success">8.164s</td>
<td class="success">passed</td>
</tr>
<tr>
<td class="success">Validar la seleccion de la fecha desde el año 1900 - 2100 en la pestaña Widgets -&gt; Date Picker -&gt; Select Date #6</td>
<td class="success">9.156s</td>
<td class="success">passed</td>
</tr>
<tr>
<td class="success">Validar la seleccion de la fecha desde el año 1900 - 2100 en la pestaña Widgets -&gt; Date Picker -&gt; Select Date #7</td>
<td class="success">8.731s</td>
<td class="success">passed</td>
</tr>
</table>
</div>
<div id="tab2" class="tab">
<h2>Standard output</h2>
<span class="code">
<pre>
Esquema del escenario: Validar la seleccion de la fecha desde el aÃ±o 1900 - 2100 en la pestaÃ±a Widgets -&gt; Date Picker -&gt; Select Date ?[90m# src/test/resources/features/DateTest/DateTest.feature:11?[0m
00:00:38.418 [Test worker] INFO  i.c.core.plugin.SerenityReporter - Running feature from file:///C:/Users/eachivata/Desktop/automation/prueba-tecnica-habi/src/test/resources/features/DateTest/DateTest.feature
00:00:38.530 [Test worker] INFO   - 
  _____   ___   ___   _____     ___   _____     _     ___   _____   ___   ___  
 |_   _| | __| / __| |_   _|   / __| |_   _|   /_\   | _ \ |_   _| | __| |   \ 
   | |   | _|  \__ \   | |     \__ \   | |    / _ \  |   /   | |   | _|  | |) |
   |_|   |___| |___/   |_|     |___/   |_|   /_/ \_\ |_|_\   |_|   |___| |___/ 

Validar la seleccion de la fecha desde el año 1900 - 2100 en la pestaña Widgets -&gt; Date Picker -&gt; Select Date(validar-la-adicion-de-cualquier-fecha-dentro-de-la-seccion-select-date-y-date-and-time;validar-la-seleccion-de-la-fecha-desde-el-año-1900---2100-en-la-pestaña-widgets--&gt;-date-picker--&gt;-select-date)
--------------------------------------------------------------------------------
00:00:39.101 [Test worker] INFO  n.s.c.w.d.DriverProvider - Using WebDriverManager configuration for chrome
00:00:39.458 [Test worker] INFO  i.g.bonigarcia.wdm.WebDriverManager - Using chromedriver 104.0.5112.79 (resolved driver for Chrome 104)
00:00:39.474 [Test worker] INFO  i.g.bonigarcia.wdm.WebDriverManager - Exporting webdriver.chrome.driver as C:\Users\eachivata\.cache\selenium\chromedriver\win32\104.0.5112.79\chromedriver.exe
00:00:39.564 [Test worker] INFO  n.s.c.w.d.ChromeDriverProvider - Starting Chrome driver instance with capabilities:
00:00:39.568 [Test worker] INFO  n.s.c.w.d.ChromeDriverProvider - Capabilities {acceptInsecureCerts: false, browserName: chrome, goog:chromeOptions: {args: [--headless, --headless, --headless], extensions: []}, timeouts: {implicit: 20000, pageLoad: 300000, script: 30000}}
  ?[32mDado ?[0m?[32m?[0m?[32m?[1mEl usuario?[0m?[32m navega en la aplicacion web?[0m                                                                                        ?[90m# com.demoqa.stepdefinitions.RegisterStepDefinitions.navigateAppWeb(net.serenitybdd.screenplay.Actor)?[0m
  ?[32mEntonces ?[0m?[32mEl decide ingresar la fecha ?[0m?[32m?[1m01/30/1900?[0m?[32m en la seccion select date?[0m                                                          ?[90m# com.demoqa.stepdefinitions.DateStepDefinitions.navigateToSelectDateAndInDate(java.lang.String)?[0m
00:00:54.497 [Test worker] INFO   - 
  _____   ___   ___   _____     ___     _     ___   ___   ___   ___  
 |_   _| | __| / __| |_   _|   | _ \   /_\   / __| / __| | __| |   \ 
   | |   | _|  \__ \   | |     |  _/  / _ \  \__ \ \__ \ | _|  | |) |
   |_|   |___| |___/   |_|     |_|   /_/ \_\ |___/ |___/ |___| |___/ 

Validar la seleccion de la fecha desde el año 1900 - 2100 en la pestaña Widgets -&gt; Date Picker -&gt; Select Date
----------------------------------------------------------------------

Esquema del escenario: Validar la seleccion de la fecha desde el aÃ±o 1900 - 2100 en la pestaÃ±a Widgets -&gt; Date Picker -&gt; Select Date ?[90m# src/test/resources/features/DateTest/DateTest.feature:12?[0m
00:00:54.505 [Test worker] INFO  i.c.core.plugin.SerenityReporter - Running feature from file:///C:/Users/eachivata/Desktop/automation/prueba-tecnica-habi/src/test/resources/features/DateTest/DateTest.feature
00:00:54.569 [Test worker] INFO  n.s.c.w.d.ChromeDriverProvider - Starting Chrome driver instance with capabilities:
00:00:54.569 [Test worker] INFO  n.s.c.w.d.ChromeDriverProvider - Capabilities {acceptInsecureCerts: false, browserName: chrome, goog:chromeOptions: {args: [--headless, --headless, --headless], extensions: []}, timeouts: {implicit: 20000, pageLoad: 300000, script: 30000}}
  ?[32mDado ?[0m?[32m?[0m?[32m?[1mEl usuario?[0m?[32m navega en la aplicacion web?[0m                                                                                        ?[90m# com.demoqa.stepdefinitions.RegisterStepDefinitions.navigateAppWeb(net.serenitybdd.screenplay.Actor)?[0m
  ?[32mEntonces ?[0m?[32mEl decide ingresar la fecha ?[0m?[32m?[1m02/09/1999?[0m?[32m en la seccion select date?[0m                                                          ?[90m# com.demoqa.stepdefinitions.DateStepDefinitions.navigateToSelectDateAndInDate(java.lang.String)?[0m
00:01:02.641 [Test worker] INFO   - 
  _____   ___   ___   _____     ___     _     ___   ___   ___   ___  
 |_   _| | __| / __| |_   _|   | _ \   /_\   / __| / __| | __| |   \ 
   | |   | _|  \__ \   | |     |  _/  / _ \  \__ \ \__ \ | _|  | |) |
   |_|   |___| |___/   |_|     |_|   /_/ \_\ |___/ |___/ |___| |___/ 

Validar la seleccion de la fecha desde el año 1900 - 2100 en la pestaña Widgets -&gt; Date Picker -&gt; Select Date
----------------------------------------------------------------------

Esquema del escenario: Validar la seleccion de la fecha desde el aÃ±o 1900 - 2100 en la pestaÃ±a Widgets -&gt; Date Picker -&gt; Select Date ?[90m# src/test/resources/features/DateTest/DateTest.feature:13?[0m
00:01:02.648 [Test worker] INFO  i.c.core.plugin.SerenityReporter - Running feature from file:///C:/Users/eachivata/Desktop/automation/prueba-tecnica-habi/src/test/resources/features/DateTest/DateTest.feature
00:01:02.704 [Test worker] INFO  n.s.c.w.d.ChromeDriverProvider - Starting Chrome driver instance with capabilities:
00:01:02.704 [Test worker] INFO  n.s.c.w.d.ChromeDriverProvider - Capabilities {acceptInsecureCerts: false, browserName: chrome, goog:chromeOptions: {args: [--headless, --headless, --headless], extensions: []}, timeouts: {implicit: 20000, pageLoad: 300000, script: 30000}}
  ?[32mDado ?[0m?[32m?[0m?[32m?[1mEl usuario?[0m?[32m navega en la aplicacion web?[0m                                                                                        ?[90m# com.demoqa.stepdefinitions.RegisterStepDefinitions.navigateAppWeb(net.serenitybdd.screenplay.Actor)?[0m
  ?[32mEntonces ?[0m?[32mEl decide ingresar la fecha ?[0m?[32m?[1m04/25/2023?[0m?[32m en la seccion select date?[0m                                                          ?[90m# com.demoqa.stepdefinitions.DateStepDefinitions.navigateToSelectDateAndInDate(java.lang.String)?[0m

Esquema del escenario: Validar la seleccion de la fecha desde el aÃ±o 1900 - 2100 en la pestaÃ±a Widgets -&gt; Date Picker -&gt; Select Date ?[90m# src/test/resources/features/DateTest/DateTest.feature:14?[0m
00:01:11.786 [Test worker] INFO  i.c.core.plugin.SerenityReporter - Running feature from file:///C:/Users/eachivata/Desktop/automation/prueba-tecnica-habi/src/test/resources/features/DateTest/DateTest.feature
00:01:11.839 [Test worker] INFO  n.s.c.w.d.ChromeDriverProvider - Starting Chrome driver instance with capabilities:
00:01:11.840 [Test worker] INFO  n.s.c.w.d.ChromeDriverProvider - Capabilities {acceptInsecureCerts: false, browserName: chrome, goog:chromeOptions: {args: [--headless, --headless, --headless], extensions: []}, timeouts: {implicit: 20000, pageLoad: 300000, script: 30000}}
  ?[32mDado ?[0m?[32m?[0m?[32m?[1mEl usuario?[0m?[32m navega en la aplicacion web?[0m                                                                                        ?[90m# com.demoqa.stepdefinitions.RegisterStepDefinitions.navigateAppWeb(net.serenitybdd.screenplay.Actor)?[0m
  ?[32mEntonces ?[0m?[32mEl decide ingresar la fecha ?[0m?[32m?[1m06/20/1920?[0m?[32m en la seccion select date?[0m                                                          ?[90m# com.demoqa.stepdefinitions.DateStepDefinitions.navigateToSelectDateAndInDate(java.lang.String)?[0m

Esquema del escenario: Validar la seleccion de la fecha desde el aÃ±o 1900 - 2100 en la pestaÃ±a Widgets -&gt; Date Picker -&gt; Select Date ?[90m# src/test/resources/features/DateTest/DateTest.feature:15?[0m
00:01:20.270 [Test worker] INFO  i.c.core.plugin.SerenityReporter - Running feature from file:///C:/Users/eachivata/Desktop/automation/prueba-tecnica-habi/src/test/resources/features/DateTest/DateTest.feature
00:01:20.323 [Test worker] INFO  n.s.c.w.d.ChromeDriverProvider - Starting Chrome driver instance with capabilities:
00:01:20.324 [Test worker] INFO  n.s.c.w.d.ChromeDriverProvider - Capabilities {acceptInsecureCerts: false, browserName: chrome, goog:chromeOptions: {args: [--headless, --headless, --headless], extensions: []}, timeouts: {implicit: 20000, pageLoad: 300000, script: 30000}}
  ?[32mDado ?[0m?[32m?[0m?[32m?[1mEl usuario?[0m?[32m navega en la aplicacion web?[0m                                                                                        ?[90m# com.demoqa.stepdefinitions.RegisterStepDefinitions.navigateAppWeb(net.serenitybdd.screenplay.Actor)?[0m
  ?[32mEntonces ?[0m?[32mEl decide ingresar la fecha ?[0m?[32m?[1m08/15/2003?[0m?[32m en la seccion select date?[0m                                                          ?[90m# com.demoqa.stepdefinitions.DateStepDefinitions.navigateToSelectDateAndInDate(java.lang.String)?[0m

Esquema del escenario: Validar la seleccion de la fecha desde el aÃ±o 1900 - 2100 en la pestaÃ±a Widgets -&gt; Date Picker -&gt; Select Date ?[90m# src/test/resources/features/DateTest/DateTest.feature:16?[0m
00:01:28.434 [Test worker] INFO  i.c.core.plugin.SerenityReporter - Running feature from file:///C:/Users/eachivata/Desktop/automation/prueba-tecnica-habi/src/test/resources/features/DateTest/DateTest.feature
00:01:28.491 [Test worker] INFO  n.s.c.w.d.ChromeDriverProvider - Starting Chrome driver instance with capabilities:
00:01:28.491 [Test worker] INFO  n.s.c.w.d.ChromeDriverProvider - Capabilities {acceptInsecureCerts: false, browserName: chrome, goog:chromeOptions: {args: [--headless, --headless, --headless], extensions: []}, timeouts: {implicit: 20000, pageLoad: 300000, script: 30000}}
  ?[32mDado ?[0m?[32m?[0m?[32m?[1mEl usuario?[0m?[32m navega en la aplicacion web?[0m                                                                                        ?[90m# com.demoqa.stepdefinitions.RegisterStepDefinitions.navigateAppWeb(net.serenitybdd.screenplay.Actor)?[0m
  ?[32mEntonces ?[0m?[32mEl decide ingresar la fecha ?[0m?[32m?[1m11/30/2030?[0m?[32m en la seccion select date?[0m                                                          ?[90m# com.demoqa.stepdefinitions.DateStepDefinitions.navigateToSelectDateAndInDate(java.lang.String)?[0m

Esquema del escenario: Validar la seleccion de la fecha desde el aÃ±o 1900 - 2100 en la pestaÃ±a Widgets -&gt; Date Picker -&gt; Select Date ?[90m# src/test/resources/features/DateTest/DateTest.feature:17?[0m
00:01:37.589 [Test worker] INFO  i.c.core.plugin.SerenityReporter - Running feature from file:///C:/Users/eachivata/Desktop/automation/prueba-tecnica-habi/src/test/resources/features/DateTest/DateTest.feature
00:01:37.641 [Test worker] INFO  n.s.c.w.d.ChromeDriverProvider - Starting Chrome driver instance with capabilities:
00:01:37.642 [Test worker] INFO  n.s.c.w.d.ChromeDriverProvider - Capabilities {acceptInsecureCerts: false, browserName: chrome, goog:chromeOptions: {args: [--headless, --headless, --headless], extensions: []}, timeouts: {implicit: 20000, pageLoad: 300000, script: 30000}}
  ?[32mDado ?[0m?[32m?[0m?[32m?[1mEl usuario?[0m?[32m navega en la aplicacion web?[0m                                                                                        ?[90m# com.demoqa.stepdefinitions.RegisterStepDefinitions.navigateAppWeb(net.serenitybdd.screenplay.Actor)?[0m
  ?[32mEntonces ?[0m?[32mEl decide ingresar la fecha ?[0m?[32m?[1m12/25/2100?[0m?[32m en la seccion select date?[0m                                                          ?[90m# com.demoqa.stepdefinitions.DateStepDefinitions.navigateToSelectDateAndInDate(java.lang.String)?[0m

Esquema del escenario: Validar la seleccion de la fecha desde el aÃ±o 1900 - 2100 en la pestaÃ±a Widgets -&gt; Date Picker -&gt; Date And Time ?[90m# src/test/resources/features/DateTest/DateTest.feature:25?[0m
00:01:46.321 [Test worker] INFO  i.c.core.plugin.SerenityReporter - Running feature from file:///C:/Users/eachivata/Desktop/automation/prueba-tecnica-habi/src/test/resources/features/DateTest/DateTest.feature
00:01:46.322 [Test worker] INFO   - 
  _____   ___   ___   _____     ___   _____     _     ___   _____   ___   ___  
 |_   _| | __| / __| |_   _|   / __| |_   _|   /_\   | _ \ |_   _| | __| |   \ 
   | |   | _|  \__ \   | |     \__ \   | |    / _ \  |   /   | |   | _|  | |) |
   |_|   |___| |___/   |_|     |___/   |_|   /_/ \_\ |_|_\   |_|   |___| |___/ 

Validar la seleccion de la fecha desde el año 1900 - 2100 en la pestaña Widgets -&gt; Date Picker -&gt; Date And Time(validar-la-adicion-de-cualquier-fecha-dentro-de-la-seccion-select-date-y-date-and-time;validar-la-seleccion-de-la-fecha-desde-el-año-1900---2100-en-la-pestaña-widgets--&gt;-date-picker--&gt;-date-and-time)
--------------------------------------------------------------------------------
00:01:46.381 [Test worker] INFO  n.s.c.w.d.ChromeDriverProvider - Starting Chrome driver instance with capabilities:
00:01:46.382 [Test worker] INFO  n.s.c.w.d.ChromeDriverProvider - Capabilities {acceptInsecureCerts: false, browserName: chrome, goog:chromeOptions: {args: [--headless, --headless, --headless], extensions: []}, timeouts: {implicit: 20000, pageLoad: 300000, script: 30000}}
  ?[32mDado ?[0m?[32m?[0m?[32m?[1mEl usuario?[0m?[32m navega en la aplicacion web?[0m                                                                                          ?[90m# com.demoqa.stepdefinitions.RegisterStepDefinitions.navigateAppWeb(net.serenitybdd.screenplay.Actor)?[0m
  ?[31mEntonces ?[0m?[31mEl decide ingresar la fecha ?[0m?[31m?[1m02/25/1999 04:00?[0m?[31m en la seccion date and time?[0m                                                    ?[90m# com.demoqa.stepdefinitions.DateStepDefinitions.navigateToDateAndTimeAndInDate(java.lang.String)?[0m
      ?[31morg.openqa.selenium.ElementNotInteractableException: element not interactable
  (Session info: headless chrome=104.0.5112.102)
Build info: version: '4.4.0', revision: 'e5c75ed026a'
System info: host: '22LAP5CG2110GMN', ip: '192.168.0.100', os.name: 'Windows 10', os.arch: 'amd64', os.version: '10.0', java.version: '11.0.15.1'
Driver info: org.openqa.selenium.chrome.ChromeDriver
Command: [d6835afcd43a0e6e67be952cffe9a853, clickElement {id=f0b8efbd-994d-485d-b9a1-f5b2a22d06a8}]
Capabilities {acceptInsecureCerts: false, browserName: chrome, browserVersion: 104.0.5112.102, chrome: {chromedriverVersion: 104.0.5112.79 (3cf3e8c8a07d..., userDataDir: C:\Users\EACHIV~1\AppData\L...}, goog:chromeOptions: {debuggerAddress: localhost:61118}, networkConnectionEnabled: false, pageLoadStrategy: normal, platformName: WINDOWS, proxy: Proxy(), se:cdp: ws://localhost:61118/devtoo..., se:cdpVersion: 104.0.5112.102, setWindowRect: true, strictFileInteractability: false, timeouts: {implicit: 20000, pageLoad: 300000, script: 30000}, unhandledPromptBehavior: dismiss and notify, webauthn:extension:credBlob: true, webauthn:extension:largeBlob: true, webauthn:virtualAuthenticators: true}
Element: [[ChromeDriver: chrome on WINDOWS (d6835afcd43a0e6e67be952cffe9a853)] -&gt; xpath: //span[@class='react-datepicker__month-read-view--down-arrow']]
Session ID: d6835afcd43a0e6e67be952cffe9a853
	at java.base/jdk.internal.reflect.NativeConstructorAccessorImpl.newInstance0(Native Method)
	at java.base/jdk.internal.reflect.NativeConstructorAccessorImpl.newInstance(NativeConstructorAccessorImpl.java:62)
	at java.base/jdk.internal.reflect.DelegatingConstructorAccessorImpl.newInstance(DelegatingConstructorAccessorImpl.java:45)
	at java.base/java.lang.reflect.Constructor.newInstance(Constructor.java:490)
	at org.openqa.selenium.remote.codec.w3c.W3CHttpResponseCodec.createException(W3CHttpResponseCodec.java:200)
	at org.openqa.selenium.remote.codec.w3c.W3CHttpResponseCodec.decode(W3CHttpResponseCodec.java:133)
	at org.openqa.selenium.remote.codec.w3c.W3CHttpResponseCodec.decode(W3CHttpResponseCodec.java:53)
	at org.openqa.selenium.remote.HttpCommandExecutor.execute(HttpCommandExecutor.java:184)
	at org.openqa.selenium.remote.service.DriverCommandExecutor.invokeExecute(DriverCommandExecutor.java:167)
	at org.openqa.selenium.remote.service.DriverCommandExecutor.execute(DriverCommandExecutor.java:142)
	at org.openqa.selenium.remote.RemoteWebDriver.execute(RemoteWebDriver.java:547)
	at org.openqa.selenium.remote.RemoteWebElement.execute(RemoteWebElement.java:257)
	at org.openqa.selenium.remote.RemoteWebElement.click(RemoteWebElement.java:78)
	at net.serenitybdd.core.pages.WebElementFacadeImpl.click(WebElementFacadeImpl.java:1207)
	at net.serenitybdd.screenplay.actions.ClickOnTarget.performAs(ClickOnTarget.java:14)
	at net.serenitybdd.screenplay.actions.ClickOnTarget$ByteBuddy$dHGIrIkL.performAs$accessor$5TxScSYe(Unknown Source)
	at jdk.internal.reflect.GeneratedMethodAccessor16.invoke(Unknown Source)
	at java.base/jdk.internal.reflect.DelegatingMethodAccessorImpl.invoke(DelegatingMethodAccessorImpl.java:43)
	at java.base/java.lang.reflect.Method.invoke(Method.java:566)
	at net.thucydides.core.steps.StepInterceptor.invokeMethod(StepInterceptor.java:503)
	at net.thucydides.core.steps.StepInterceptor.executeTestStepMethod(StepInterceptor.java:483)
	at net.thucydides.core.steps.StepInterceptor.runTestStep(StepInterceptor.java:457)
	at net.thucydides.core.steps.StepInterceptor.runOrSkipMethod(StepInterceptor.java:209)
	at net.thucydides.core.steps.StepInterceptor.testStepResult(StepInterceptor.java:196)
	at net.thucydides.core.steps.StepInterceptor.intercept(StepInterceptor.java:84)
	at net.thucydides.core.steps.ProxyConfiguration$InterceptorDispatcher.intercept(ProxyConfiguration.java:51)
	at net.serenitybdd.screenplay.actions.ClickOnTarget$ByteBuddy$dHGIrIkL.performAs(Unknown Source)
	at net.serenitybdd.screenplay.Actor.performTask(Actor.java:283)
	at net.serenitybdd.screenplay.Actor.perform(Actor.java:262)
	at net.serenitybdd.screenplay.Actor.attemptsTo(Actor.java:203)
	at net.serenitybdd.screenplay.Actor.attemptsTo(Actor.java:210)
	at com.demoqa.tasks.DateTime.performAs(DateTime.java:29)
	at com.demoqa.tasks.DateTime$ByteBuddy$x6TDLtoo.performAs$accessor$k2dJcptX(Unknown Source)
	at java.base/jdk.internal.reflect.NativeMethodAccessorImpl.invoke0(Native Method)
	at java.base/jdk.internal.reflect.NativeMethodAccessorImpl.invoke(NativeMethodAccessorImpl.java:62)
	at java.base/jdk.internal.reflect.DelegatingMethodAccessorImpl.invoke(DelegatingMethodAccessorImpl.java:43)
	at java.base/java.lang.reflect.Method.invoke(Method.java:566)
	at net.thucydides.core.steps.StepInterceptor.invokeMethod(StepInterceptor.java:503)
	at net.thucydides.core.steps.StepInterceptor.executeTestStepMethod(StepInterceptor.java:483)
	at net.thucydides.core.steps.StepInterceptor.runTestStep(StepInterceptor.java:457)
	at net.thucydides.core.steps.StepInterceptor.runOrSkipMethod(StepInterceptor.java:209)
	at net.thucydides.core.steps.StepInterceptor.testStepResult(StepInterceptor.java:196)
	at net.thucydides.core.steps.StepInterceptor.intercept(StepInterceptor.java:84)
	at net.thucydides.core.steps.ProxyConfiguration$InterceptorDispatcher.intercept(ProxyConfiguration.java:51)
	at com.demoqa.tasks.DateTime$ByteBuddy$x6TDLtoo.performAs(Unknown Source)
	at net.serenitybdd.screenplay.Actor.performTask(Actor.java:283)
	at net.serenitybdd.screenplay.Actor.perform(Actor.java:262)
	at net.serenitybdd.screenplay.Actor.attemptsTo(Actor.java:203)
	at net.serenitybdd.screenplay.Actor.attemptsTo(Actor.java:210)
	at com.demoqa.stepdefinitions.DateStepDefinitions.navigateToDateAndTimeAndInDate(DateStepDefinitions.java:21)
	at âœ½.El decide ingresar la fecha 02/25/1999 04:00 en la seccion date and time(file:///C:/Users/eachivata/Desktop/automation/prueba-tecnica-habi/src/test/resources/features/DateTest/DateTest.feature:21)
?[0m
00:01:56.198 [Test worker] ERROR  - 
  _____   ___   ___   _____     ___   ___   ___    ___    ___ 
 |_   _| | __| / __| |_   _|   | __| | _ \ | _ \  / _ \  | _ \
   | |   | _|  \__ \   | |     | _|  |   / |   / | (_) | |   /
   |_|   |___| |___/   |_|     |___| |_|_\ |_|_\  \___/  |_|_\

Validar la seleccion de la fecha desde el año 1900 - 2100 en la pestaña Widgets -&gt; Date Picker -&gt; Date And Time
---------------------------------------------------------------
00:01:56.201 [Test worker] ERROR  -     Test failed at step: El usuario clicks on btn deploy year identifier
00:01:56.201 [Test worker] ERROR  -     element not interactable

Esquema del escenario: Validar la seleccion de la fecha desde el aÃ±o 1900 - 2100 en la pestaÃ±a Widgets -&gt; Date Picker -&gt; Date And Time ?[90m# src/test/resources/features/DateTest/DateTest.feature:26?[0m
00:01:56.205 [Test worker] INFO  i.c.core.plugin.SerenityReporter - Running feature from file:///C:/Users/eachivata/Desktop/automation/prueba-tecnica-habi/src/test/resources/features/DateTest/DateTest.feature
00:01:56.260 [Test worker] INFO  n.s.c.w.d.ChromeDriverProvider - Starting Chrome driver instance with capabilities:
00:01:56.261 [Test worker] INFO  n.s.c.w.d.ChromeDriverProvider - Capabilities {acceptInsecureCerts: false, browserName: chrome, goog:chromeOptions: {args: [--headless, --headless, --headless], extensions: []}, timeouts: {implicit: 20000, pageLoad: 300000, script: 30000}}
  ?[32mDado ?[0m?[32m?[0m?[32m?[1mEl usuario?[0m?[32m navega en la aplicacion web?[0m                                                                                          ?[90m# com.demoqa.stepdefinitions.RegisterStepDefinitions.navigateAppWeb(net.serenitybdd.screenplay.Actor)?[0m
  ?[32mEntonces ?[0m?[32mEl decide ingresar la fecha ?[0m?[32m?[1m02/09/1999 04:00?[0m?[32m en la seccion date and time?[0m                                                    ?[90m# com.demoqa.stepdefinitions.DateStepDefinitions.navigateToDateAndTimeAndInDate(java.lang.String)?[0m
00:02:09.294 [Test worker] ERROR  - 
  _____   ___   ___   _____     ___   ___   ___    ___    ___ 
 |_   _| | __| / __| |_   _|   | __| | _ \ | _ \  / _ \  | _ \
   | |   | _|  \__ \   | |     | _|  |   / |   / | (_) | |   /
   |_|   |___| |___/   |_|     |___| |_|_\ |_|_\  \___/  |_|_\

Validar la seleccion de la fecha desde el año 1900 - 2100 en la pestaña Widgets -&gt; Date Picker -&gt; Date And Time
---------------------------------------------------------------
00:02:09.295 [Test worker] ERROR  -     Test failed at step: El usuario clicks on btn deploy year identifier
00:02:09.295 [Test worker] ERROR  -     element not interactable

Esquema del escenario: Validar la seleccion de la fecha desde el aÃ±o 1900 - 2100 en la pestaÃ±a Widgets -&gt; Date Picker -&gt; Date And Time ?[90m# src/test/resources/features/DateTest/DateTest.feature:27?[0m
00:02:09.299 [Test worker] INFO  i.c.core.plugin.SerenityReporter - Running feature from file:///C:/Users/eachivata/Desktop/automation/prueba-tecnica-habi/src/test/resources/features/DateTest/DateTest.feature
00:02:09.354 [Test worker] INFO  n.s.c.w.d.ChromeDriverProvider - Starting Chrome driver instance with capabilities:
00:02:09.355 [Test worker] INFO  n.s.c.w.d.ChromeDriverProvider - Capabilities {acceptInsecureCerts: false, browserName: chrome, goog:chromeOptions: {args: [--headless, --headless, --headless], extensions: []}, timeouts: {implicit: 20000, pageLoad: 300000, script: 30000}}
  ?[32mDado ?[0m?[32m?[0m?[32m?[1mEl usuario?[0m?[32m navega en la aplicacion web?[0m                                                                                          ?[90m# com.demoqa.stepdefinitions.RegisterStepDefinitions.navigateAppWeb(net.serenitybdd.screenplay.Actor)?[0m
  ?[32mEntonces ?[0m?[32mEl decide ingresar la fecha ?[0m?[32m?[1m03/01/2022 08:15?[0m?[32m en la seccion date and time?[0m                                                    ?[90m# com.demoqa.stepdefinitions.DateStepDefinitions.navigateToDateAndTimeAndInDate(java.lang.String)?[0m
</pre>
</span>
</div>
<div id="tab3" class="tab">
<h2>Standard error</h2>
<span class="code">
<pre>Starting ChromeDriver 104.0.5112.79 (3cf3e8c8a07d104b9e1260c910efb8f383285dc5-refs/branch-heads/5112@{#1307}) on port 64933
Only local connections are allowed.
Please see https://chromedriver.chromium.org/security-considerations for suggestions on keeping ChromeDriver safe.
ChromeDriver was started successfully.
sept. 01, 2022 12:00:42 A. M. org.openqa.selenium.remote.ProtocolHandshake createSession
INFO: Detected upstream dialect: W3C
sept. 01, 2022 12:00:42 A. M. org.openqa.selenium.devtools.CdpVersionFinder findNearestMatch
INFO: Found exact CDP implementation for version 104
Starting ChromeDriver 104.0.5112.79 (3cf3e8c8a07d104b9e1260c910efb8f383285dc5-refs/branch-heads/5112@{#1307}) on port 53526
Only local connections are allowed.
Please see https://chromedriver.chromium.org/security-considerations for suggestions on keeping ChromeDriver safe.
ChromeDriver was started successfully.
sept. 01, 2022 12:00:56 A. M. org.openqa.selenium.remote.ProtocolHandshake createSession
INFO: Detected upstream dialect: W3C
sept. 01, 2022 12:00:56 A. M. org.openqa.selenium.devtools.CdpVersionFinder findNearestMatch
INFO: Found exact CDP implementation for version 104
Starting ChromeDriver 104.0.5112.79 (3cf3e8c8a07d104b9e1260c910efb8f383285dc5-refs/branch-heads/5112@{#1307}) on port 64439
Only local connections are allowed.
Please see https://chromedriver.chromium.org/security-considerations for suggestions on keeping ChromeDriver safe.
ChromeDriver was started successfully.
sept. 01, 2022 12:01:04 A. M. org.openqa.selenium.remote.ProtocolHandshake createSession
INFO: Detected upstream dialect: W3C
sept. 01, 2022 12:01:04 A. M. org.openqa.selenium.devtools.CdpVersionFinder findNearestMatch
INFO: Found exact CDP implementation for version 104
Starting ChromeDriver 104.0.5112.79 (3cf3e8c8a07d104b9e1260c910efb8f383285dc5-refs/branch-heads/5112@{#1307}) on port 63779
Only local connections are allowed.
Please see https://chromedriver.chromium.org/security-considerations for suggestions on keeping ChromeDriver safe.
ChromeDriver was started successfully.
sept. 01, 2022 12:01:13 A. M. org.openqa.selenium.remote.ProtocolHandshake createSession
INFO: Detected upstream dialect: W3C
sept. 01, 2022 12:01:13 A. M. org.openqa.selenium.devtools.CdpVersionFinder findNearestMatch
INFO: Found exact CDP implementation for version 104
Starting ChromeDriver 104.0.5112.79 (3cf3e8c8a07d104b9e1260c910efb8f383285dc5-refs/branch-heads/5112@{#1307}) on port 65092
Only local connections are allowed.
Please see https://chromedriver.chromium.org/security-considerations for suggestions on keeping ChromeDriver safe.
ChromeDriver was started successfully.
sept. 01, 2022 12:01:22 A. M. org.openqa.selenium.remote.ProtocolHandshake createSession
INFO: Detected upstream dialect: W3C
sept. 01, 2022 12:01:22 A. M. org.openqa.selenium.devtools.CdpVersionFinder findNearestMatch
INFO: Found exact CDP implementation for version 104
Starting ChromeDriver 104.0.5112.79 (3cf3e8c8a07d104b9e1260c910efb8f383285dc5-refs/branch-heads/5112@{#1307}) on port 63637
Only local connections are allowed.
Please see https://chromedriver.chromium.org/security-considerations for suggestions on keeping ChromeDriver safe.
ChromeDriver was started successfully.
sept. 01, 2022 12:01:30 A. M. org.openqa.selenium.remote.ProtocolHandshake createSession
INFO: Detected upstream dialect: W3C
sept. 01, 2022 12:01:30 A. M. org.openqa.selenium.devtools.CdpVersionFinder findNearestMatch
INFO: Found exact CDP implementation for version 104
Starting ChromeDriver 104.0.5112.79 (3cf3e8c8a07d104b9e1260c910efb8f383285dc5-refs/branch-heads/5112@{#1307}) on port 58430
Only local connections are allowed.
Please see https://chromedriver.chromium.org/security-considerations for suggestions on keeping ChromeDriver safe.
ChromeDriver was started successfully.
sept. 01, 2022 12:01:39 A. M. org.openqa.selenium.remote.ProtocolHandshake createSession
INFO: Detected upstream dialect: W3C
sept. 01, 2022 12:01:39 A. M. org.openqa.selenium.devtools.CdpVersionFinder findNearestMatch
INFO: Found exact CDP implementation for version 104
Starting ChromeDriver 104.0.5112.79 (3cf3e8c8a07d104b9e1260c910efb8f383285dc5-refs/branch-heads/5112@{#1307}) on port 55086
Only local connections are allowed.
Please see https://chromedriver.chromium.org/security-considerations for suggestions on keeping ChromeDriver safe.
ChromeDriver was started successfully.
sept. 01, 2022 12:01:48 A. M. org.openqa.selenium.remote.ProtocolHandshake createSession
INFO: Detected upstream dialect: W3C
sept. 01, 2022 12:01:48 A. M. org.openqa.selenium.devtools.CdpVersionFinder findNearestMatch
INFO: Found exact CDP implementation for version 104
Starting ChromeDriver 104.0.5112.79 (3cf3e8c8a07d104b9e1260c910efb8f383285dc5-refs/branch-heads/5112@{#1307}) on port 49570
Only local connections are allowed.
Please see https://chromedriver.chromium.org/security-considerations for suggestions on keeping ChromeDriver safe.
ChromeDriver was started successfully.
sept. 01, 2022 12:01:57 A. M. org.openqa.selenium.remote.ProtocolHandshake createSession
INFO: Detected upstream dialect: W3C
sept. 01, 2022 12:01:57 A. M. org.openqa.selenium.devtools.CdpVersionFinder findNearestMatch
INFO: Found exact CDP implementation for version 104
Starting ChromeDriver 104.0.5112.79 (3cf3e8c8a07d104b9e1260c910efb8f383285dc5-refs/branch-heads/5112@{#1307}) on port 56813
Only local connections are allowed.
Please see https://chromedriver.chromium.org/security-considerations for suggestions on keeping ChromeDriver safe.
ChromeDriver was started successfully.
sept. 01, 2022 12:02:11 A. M. org.openqa.selenium.remote.ProtocolHandshake createSession
INFO: Detected upstream dialect: W3C
sept. 01, 2022 12:02:11 A. M. org.openqa.selenium.devtools.CdpVersionFinder findNearestMatch
INFO: Found exact CDP implementation for version 104
</pre>
</span>
</div>
</div>
<div id="footer">
<p>
<div>
<label class="hidden" id="label-for-line-wrapping-toggle" for="line-wrapping-toggle">Wrap lines
<input id="line-wrapping-toggle" type="checkbox" autocomplete="off"/>
</label>
</div>Generated by 
<a href="http://www.gradle.org">Gradle 7.5.1</a> at 1/09/2022, 12:03:56 a. m.</p>
</div>
</div>
</body>
</html>
